<?xml version="1.0" encoding="UTF-8"?>
<!-- Generated by org.testng.reporters.JUnitReportReporter -->
<testsuite hostname="DESKTOP-T193OR0" failures="0" tests="1" name="DemoApplication" time="9.685" errors="0" timestamp="2025-08-12T12:51:00 IST" skipped="0">
  <testcase classname="DemoApplication" name="RegisterNewUser" time="9.685"/>
</testsuite> <!-- DemoApplication -->
