<?xml version="1.0" encoding="UTF-8"?>
<!-- Generated by org.testng.reporters.JUnitReportReporter -->
<testsuite hostname="DESKTOP-T193OR0" failures="0" tests="1" name="Selenium.ParaBankTesting" time="6.498" errors="0" timestamp="2025-08-13T16:49:19 IST" skipped="0">
  <testcase classname="Selenium.ParaBankTesting" name="RegisterNewUser" time="6.498"/>
</testsuite> <!-- Selenium.ParaBankTesting -->
