<?xml version="1.0" encoding="UTF-8"?>
<!-- Generated by org.testng.reporters.JUnitReportReporter -->
<testsuite hostname="DESKTOP-T193OR0" failures="0" tests="2" name="Selenium.DemoApplication" time="6.916" errors="0" timestamp="2025-08-12T15:28:28 IST" skipped="0">
  <testcase classname="Selenium.DemoApplication" name="RegisterNewUser" time="5.418"/>
  <testcase classname="Selenium.DemoApplication" name="launchGoogle" time="1.498"/>
</testsuite> <!-- Selenium.DemoApplication -->
