<?xml version="1.0" encoding="UTF-8"?>
<!-- Generated by org.testng.reporters.JUnitReportReporter -->
<testsuite hostname="DESKTOP-T193OR0" failures="0" tests="3" name="Selenium.ParaBankTesting" time="7.510" errors="0" timestamp="2025-08-14T16:52:28 IST" skipped="1">
  <testcase classname="Selenium.ParaBankTesting" name="RegisterNewUser" time="5.825"/>
  <testcase classname="Selenium.ParaBankTesting" name="Login" time="1.685"/>
  <testcase classname="Selenium.ParaBankTesting" name="CustomerCare">
    <skipped/>
  </testcase> <!-- CustomerCare -->
</testsuite> <!-- Selenium.ParaBankTesting -->
