<?xml version="1.0" encoding="UTF-8"?>
<!-- Generated by org.testng.reporters.JUnitReportReporter -->
<testsuite hostname="DESKTOP-T193OR0" failures="0" tests="3" name="Selenium.ParaBankTesting" time="14.654" errors="0" timestamp="2025-08-16T18:02:04 IST" skipped="1">
  <testcase classname="Selenium.ParaBankTesting" name="Login" time="7.909"/>
  <testcase classname="Selenium.ParaBankTesting" name="Login" time="6.745"/>
  <testcase classname="Selenium.ParaBankTesting" name="CustomerCare">
    <skipped/>
  </testcase> <!-- CustomerCare -->
</testsuite> <!-- Selenium.ParaBankTesting -->
